[debug] [2021-02-10T14:37:43.012Z] ----------------------------------------------------------------------
[debug] [2021-02-10T14:37:43.014Z] Command:       /usr/local/bin/node /usr/local/bin/firebase init hosting
[debug] [2021-02-10T14:37:43.014Z] CLI Version:   9.3.0
[debug] [2021-02-10T14:37:43.014Z] Platform:      darwin
[debug] [2021-02-10T14:37:43.014Z] Node Version:  v14.15.4
[debug] [2021-02-10T14:37:43.015Z] Time:          Wed Feb 10 2021 20:07:43 GMT+0530 (India Standard Time)
[debug] [2021-02-10T14:37:43.015Z] ----------------------------------------------------------------------
[debug] [2021-02-10T14:37:43.015Z] 
[debug] [2021-02-10T14:37:43.021Z] > command requires scopes: ["email","openid","https://www.googleapis.com/auth/cloudplatformprojects.readonly","https://www.googleapis.com/auth/firebase","https://www.googleapis.com/auth/cloud-platform"]
[debug] [2021-02-10T14:37:43.021Z] > authorizing via signed-in user
[info] 
     ######## #### ########  ######## ########     ###     ######  ########
     ##        ##  ##     ## ##       ##     ##  ##   ##  ##       ##
     ######    ##  ########  ######   ########  #########  ######  ######
     ##        ##  ##    ##  ##       ##     ## ##     ##       ## ##
     ##       #### ##     ## ######## ########  ##     ##  ######  ########

You're about to initialize a Firebase project in this directory:

  /Users/sasikumargunasekaran/Desktop/Assignment

[info] 
=== Project Setup
[info] 
[info] First, let's associate this project directory with a Firebase project.
[info] You can create multiple project aliases by running firebase use --add, 
[info] but for now we'll just set up a default project.
[info] 
[debug] [2021-02-10T14:38:28.122Z] >>> [apiv2][query] GET https://firebase.googleapis.com/v1beta1/projects pageSize=100
[debug] [2021-02-10T14:38:29.056Z] <<< [apiv2][status] GET https://firebase.googleapis.com/v1beta1/projects 200
[debug] [2021-02-10T14:38:29.056Z] <<< [apiv2][body] GET https://firebase.googleapis.com/v1beta1/projects [omitted]
[info] i  Using project resume-5de25 (Resume) 
[info] 
=== Hosting Setup
[info] 
[info] Your public directory is the folder (relative to your project directory) that
[info] will contain Hosting assets to be uploaded with firebase deploy. If you
[info] have a build process for your assets, use your build's output directory.
[info] 
[debug] [2021-02-10T14:39:05.875Z] >>> [apiv2][query] GET https://www.gstatic.com/firebasejs/releases.json [none]
[debug] [2021-02-10T14:39:06.264Z] <<< [apiv2][status] GET https://www.gstatic.com/firebasejs/releases.json 200
[debug] [2021-02-10T14:39:06.264Z] <<< [apiv2][body] GET https://www.gstatic.com/firebasejs/releases.json {"current":{"version":"8.2.6","browserURL":"https://www.gstatic.com/firebasejs/8.2.6/firebase.js","packageURL":"https://www.gstatic.com/firebasejs/8.2.6/firebase.tgz"},"live":{"version":"8.2","browserURL":"https://www.gstatic.com/firebasejs/live/8.2/firebase.js","packageURL":"https://www.gstatic.com/firebasejs/live/8.2/firebase.tgz"},"components":{"analytics":"https://www.gstatic.com/firebasejs/8.2.6/firebase-analytics.js","app":"https://www.gstatic.com/firebasejs/8.2.6/firebase-app.js","auth":"https://www.gstatic.com/firebasejs/8.2.6/firebase-auth.js","database":"https://www.gstatic.com/firebasejs/8.2.6/firebase-database.js","firestore":"https://www.gstatic.com/firebasejs/8.2.6/firebase-firestore.js","functions":"https://www.gstatic.com/firebasejs/8.2.6/firebase-functions.js","installations":"https://www.gstatic.com/firebasejs/8.2.6/firebase-installations.js","messaging":"https://www.gstatic.com/firebasejs/8.2.6/firebase-messaging.js","storage":"https://www.gstatic.com/firebasejs/8.2.6/firebase-storage.js","performance":"https://www.gstatic.com/firebasejs/8.2.6/firebase-performance.js","remote-config":"https://www.gstatic.com/firebasejs/8.2.6/firebase-remote-config.js","firestore.memory":"https://www.gstatic.com/firebasejs/8.2.6/firebase-firestore.memory.js"}}
[info] ✔  Wrote y/index.html 
[info] 
[info] i  Didn't detect a .git folder. Assuming /Users/sasikumargunasekaran/Desktop/Assignment is the project root. 
[info] i  Authorizing with GitHub to upload your service account to a GitHub repository's secrets store. 
[info] 
[info] Visit this URL on this device to log in:
[info] https://github.com/login/oauth/authorize?client_id=89cf50f02ac6aaed3484&state=1069005533&redirect_uri=http%3A%2F%2Flocalhost%3A9005&scope=read%3Auser%20repo%20public_repo
[info] 
[info] Waiting for authentication...
[debug] [2021-02-10T14:41:15.631Z] >>> HTTP REQUEST POST https://github.com/login/oauth/access_token  
 {"client_id":"89cf50f02ac6aaed3484","client_secret":"3330d14abc895d9a74d5f17cd7a00711fa2c5bf0","code":"59254a8e617d33014a83","redirect_uri":"http://localhost:9005","state":"1069005533"}
[debug] [2021-02-10T14:41:16.367Z] <<< HTTP RESPONSE 200 {"date":"Wed, 10 Feb 2021 14:41:16 GMT","content-type":"application/json; charset=utf-8","transfer-encoding":"chunked","server":"GitHub.com","vary":"X-PJAX, Accept-Encoding, Accept, X-Requested-With, Accept-Encoding","etag":"W/\"864965c880bf984efcb6d1a907d2e4f1\"","cache-control":"max-age=0, private, must-revalidate","strict-transport-security":"max-age=31536000; includeSubdomains; preload","x-frame-options":"deny","x-content-type-options":"nosniff","x-xss-protection":"1; mode=block","referrer-policy":"origin-when-cross-origin, strict-origin-when-cross-origin","expect-ct":"max-age=2592000, report-uri=\"https://api.github.com/_private/browser/errors\"","content-security-policy":"default-src 'none'; base-uri 'self'; block-all-mixed-content; connect-src 'self' uploads.github.com www.githubstatus.com collector.githubapp.com api.github.com github-cloud.s3.amazonaws.com github-production-repository-file-5c1aeb.s3.amazonaws.com github-production-upload-manifest-file-7fdce7.s3.amazonaws.com github-production-user-asset-6210df.s3.amazonaws.com cdn.optimizely.com logx.optimizely.com/v1/events wss://alive.github.com; font-src github.githubassets.com; form-action 'self' github.com gist.github.com; frame-ancestors 'none'; frame-src render.githubusercontent.com; img-src 'self' data: github.githubassets.com identicons.github.com collector.githubapp.com github-cloud.s3.amazonaws.com user-images.githubusercontent.com/ *.githubusercontent.com; manifest-src 'self'; media-src 'none'; script-src github.githubassets.com; style-src 'unsafe-inline' github.githubassets.com; worker-src github.com/socket-worker-5029ae85.js gist.github.com/socket-worker-5029ae85.js","x-github-request-id":"8B01:3D29:790FD2:855470:6023F08B"}
[debug] [2021-02-10T14:41:16.368Z] >>> [apiv2][query] GET https://api.github.com/user [none]
[debug] [2021-02-10T14:41:16.982Z] <<< [apiv2][status] GET https://api.github.com/user 200
[debug] [2021-02-10T14:41:16.982Z] <<< [apiv2][body] GET https://api.github.com/user {"login":"SasikumarGunasekaran1998","id":50619565,"node_id":"MDQ6VXNlcjUwNjE5NTY1","avatar_url":"https://avatars.githubusercontent.com/u/50619565?v=4","gravatar_id":"","url":"https://api.github.com/users/SasikumarGunasekaran1998","html_url":"https://github.com/SasikumarGunasekaran1998","followers_url":"https://api.github.com/users/SasikumarGunasekaran1998/followers","following_url":"https://api.github.com/users/SasikumarGunasekaran1998/following{/other_user}","gists_url":"https://api.github.com/users/SasikumarGunasekaran1998/gists{/gist_id}","starred_url":"https://api.github.com/users/SasikumarGunasekaran1998/starred{/owner}{/repo}","subscriptions_url":"https://api.github.com/users/SasikumarGunasekaran1998/subscriptions","organizations_url":"https://api.github.com/users/SasikumarGunasekaran1998/orgs","repos_url":"https://api.github.com/users/SasikumarGunasekaran1998/repos","events_url":"https://api.github.com/users/SasikumarGunasekaran1998/events{/privacy}","received_events_url":"https://api.github.com/users/SasikumarGunasekaran1998/received_events","type":"User","site_admin":false,"name":null,"company":null,"blog":"","location":null,"email":null,"hireable":null,"bio":null,"twitter_username":null,"public_repos":8,"public_gists":0,"followers":1,"following":0,"created_at":"2019-05-14T09:54:23Z","updated_at":"2021-02-10T14:41:11Z","private_gists":0,"total_private_repos":0,"owned_private_repos":0,"disk_usage":77,"collaborators":0,"two_factor_authentication":false,"plan":{"name":"free","space":976562499,"collaborators":0,"private_repos":10000}}
[info] 
[info] ✔  Success! Logged into GitHub as SasikumarGunasekaran1998 
[info] 
[debug] [2021-02-10T14:41:32.353Z] >>> [apiv2][query] GET https://api.github.com/repos/user/actions/secrets/public-key type=owner
[debug] [2021-02-10T14:41:32.857Z] <<< [apiv2][status] GET https://api.github.com/repos/user/actions/secrets/public-key 404
[debug] [2021-02-10T14:41:32.857Z] <<< [apiv2][body] GET https://api.github.com/repos/user/actions/secrets/public-key {"message":"Not Found","documentation_url":"https://docs.github.com/rest"}
